Determining if the include file io.h exists failed with the following output:
Change Dir: /home/aviral/GNU-Niyantran/build/gr36/CMakeFiles/CMakeTmp

Run Build Command:/usr/bin/make "cmTryCompileExec/fast"
/usr/bin/make -f CMakeFiles/cmTryCompileExec.dir/build.make CMakeFiles/cmTryCompileExec.dir/build
make[1]: Entering directory `/home/aviral/GNU-Niyantran/build/gr36/CMakeFiles/CMakeTmp'
/usr/bin/cmake -E cmake_progress_report /home/aviral/GNU-Niyantran/build/gr36/CMakeFiles/CMakeTmp/CMakeFiles 1
Building CXX object CMakeFiles/cmTryCompileExec.dir/CheckIncludeFile.cxx.o
/usr/bin/c++     -o CMakeFiles/cmTryCompileExec.dir/CheckIncludeFile.cxx.o -c /home/aviral/GNU-Niyantran/build/gr36/CMakeFiles/CMakeTmp/CheckIncludeFile.cxx
/home/aviral/GNU-Niyantran/build/gr36/CMakeFiles/CMakeTmp/CheckIncludeFile.cxx:1:16: fatal error: io.h: No such file or directory
compilation terminated.
make[1]: *** [CMakeFiles/cmTryCompileExec.dir/CheckIncludeFile.cxx.o] Error 1
make[1]: Leaving directory `/home/aviral/GNU-Niyantran/build/gr36/CMakeFiles/CMakeTmp'
make: *** [cmTryCompileExec/fast] Error 2


Determining if the include file dev/ppbus/ppi.h exists failed with the following output:
Change Dir: /home/aviral/GNU-Niyantran/build/gr36/CMakeFiles/CMakeTmp

Run Build Command:/usr/bin/make "cmTryCompileExec/fast"
/usr/bin/make -f CMakeFiles/cmTryCompileExec.dir/build.make CMakeFiles/cmTryCompileExec.dir/build
make[1]: Entering directory `/home/aviral/GNU-Niyantran/build/gr36/CMakeFiles/CMakeTmp'
/usr/bin/cmake -E cmake_progress_report /home/aviral/GNU-Niyantran/build/gr36/CMakeFiles/CMakeTmp/CMakeFiles 1
Building CXX object CMakeFiles/cmTryCompileExec.dir/CheckIncludeFile.cxx.o
/usr/bin/c++     -o CMakeFiles/cmTryCompileExec.dir/CheckIncludeFile.cxx.o -c /home/aviral/GNU-Niyantran/build/gr36/CMakeFiles/CMakeTmp/CheckIncludeFile.cxx
/home/aviral/GNU-Niyantran/build/gr36/CMakeFiles/CMakeTmp/CheckIncludeFile.cxx:1:27: fatal error: dev/ppbus/ppi.h: No such file or directory
compilation terminated.
make[1]: *** [CMakeFiles/cmTryCompileExec.dir/CheckIncludeFile.cxx.o] Error 1
make[1]: Leaving directory `/home/aviral/GNU-Niyantran/build/gr36/CMakeFiles/CMakeTmp'
make: *** [cmTryCompileExec/fast] Error 2


Performing C++ SOURCE FILE Test HAVE_SSLEEP failed with the following output:
Change Dir: /home/aviral/GNU-Niyantran/build/gr36/CMakeFiles/CMakeTmp

Run Build Command:/usr/bin/make "cmTryCompileExec/fast"
/usr/bin/make -f CMakeFiles/cmTryCompileExec.dir/build.make CMakeFiles/cmTryCompileExec.dir/build
make[1]: Entering directory `/home/aviral/GNU-Niyantran/build/gr36/CMakeFiles/CMakeTmp'
/usr/bin/cmake -E cmake_progress_report /home/aviral/GNU-Niyantran/build/gr36/CMakeFiles/CMakeTmp/CMakeFiles 1
Building CXX object CMakeFiles/cmTryCompileExec.dir/src.cxx.o
/usr/bin/c++    -DHAVE_SSLEEP   -o CMakeFiles/cmTryCompileExec.dir/src.cxx.o -c /home/aviral/GNU-Niyantran/build/gr36/CMakeFiles/CMakeTmp/src.cxx
/home/aviral/GNU-Niyantran/build/gr36/CMakeFiles/CMakeTmp/src.cxx:2:25: fatal error: Winbase.h: No such file or directory
compilation terminated.
make[1]: *** [CMakeFiles/cmTryCompileExec.dir/src.cxx.o] Error 1
make[1]: Leaving directory `/home/aviral/GNU-Niyantran/build/gr36/CMakeFiles/CMakeTmp'
make: *** [cmTryCompileExec/fast] Error 2

Source file was:

    #include <Winbase.h>
    int main(){Sleep(0); return 0;}
    
Performing C++ SOURCE FILE Test HAVE_CREATEFILEMAPPING failed with the following output:
Change Dir: /home/aviral/GNU-Niyantran/build/gr36/CMakeFiles/CMakeTmp

Run Build Command:/usr/bin/make "cmTryCompileExec/fast"
/usr/bin/make -f CMakeFiles/cmTryCompileExec.dir/build.make CMakeFiles/cmTryCompileExec.dir/build
make[1]: Entering directory `/home/aviral/GNU-Niyantran/build/gr36/CMakeFiles/CMakeTmp'
/usr/bin/cmake -E cmake_progress_report /home/aviral/GNU-Niyantran/build/gr36/CMakeFiles/CMakeTmp/CMakeFiles 1
Building CXX object CMakeFiles/cmTryCompileExec.dir/src.cxx.o
/usr/bin/c++    -DHAVE_CREATEFILEMAPPING   -o CMakeFiles/cmTryCompileExec.dir/src.cxx.o -c /home/aviral/GNU-Niyantran/build/gr36/CMakeFiles/CMakeTmp/src.cxx
/home/aviral/GNU-Niyantran/build/gr36/CMakeFiles/CMakeTmp/src.cxx:2:25: fatal error: windows.h: No such file or directory
compilation terminated.
make[1]: *** [CMakeFiles/cmTryCompileExec.dir/src.cxx.o] Error 1
make[1]: Leaving directory `/home/aviral/GNU-Niyantran/build/gr36/CMakeFiles/CMakeTmp'
make: *** [cmTryCompileExec/fast] Error 2

Source file was:

    #include <windows.h>
    int main(){
        HANDLE handle;
        int size;
        LPCTSTR lpName;
        handle = CreateFileMapping(
                         INVALID_HANDLE_VALUE,    // use paging file
                         NULL,                    // default security
                         PAGE_READWRITE,          // read/write access
                         0,                       // max. object size
                         size,                    // buffer size
                         lpName);                 // name of mapping object
        return 0;
    } 
Determining if the include file windows.h exists failed with the following output:
Change Dir: /home/aviral/GNU-Niyantran/build/gr36/CMakeFiles/CMakeTmp

Run Build Command:/usr/bin/make "cmTryCompileExec/fast"
/usr/bin/make -f CMakeFiles/cmTryCompileExec.dir/build.make CMakeFiles/cmTryCompileExec.dir/build
make[1]: Entering directory `/home/aviral/GNU-Niyantran/build/gr36/CMakeFiles/CMakeTmp'
/usr/bin/cmake -E cmake_progress_report /home/aviral/GNU-Niyantran/build/gr36/CMakeFiles/CMakeTmp/CMakeFiles 1
Building CXX object CMakeFiles/cmTryCompileExec.dir/CheckIncludeFile.cxx.o
/usr/bin/c++     -o CMakeFiles/cmTryCompileExec.dir/CheckIncludeFile.cxx.o -c /home/aviral/GNU-Niyantran/build/gr36/CMakeFiles/CMakeTmp/CheckIncludeFile.cxx
/home/aviral/GNU-Niyantran/build/gr36/CMakeFiles/CMakeTmp/CheckIncludeFile.cxx:1:21: fatal error: windows.h: No such file or directory
compilation terminated.
make[1]: *** [CMakeFiles/cmTryCompileExec.dir/CheckIncludeFile.cxx.o] Error 1
make[1]: Leaving directory `/home/aviral/GNU-Niyantran/build/gr36/CMakeFiles/CMakeTmp'
make: *** [cmTryCompileExec/fast] Error 2


Determining if the Q_WS_WIN exist failed with the following output:
Change Dir: /home/aviral/GNU-Niyantran/build/gr36/CMakeFiles/CMakeTmp

Run Build Command:/usr/bin/make "cmTryCompileExec/fast"
/usr/bin/make -f CMakeFiles/cmTryCompileExec.dir/build.make CMakeFiles/cmTryCompileExec.dir/build
make[1]: Entering directory `/home/aviral/GNU-Niyantran/build/gr36/CMakeFiles/CMakeTmp'
/usr/bin/cmake -E cmake_progress_report /home/aviral/GNU-Niyantran/build/gr36/CMakeFiles/CMakeTmp/CMakeFiles 1
Building CXX object CMakeFiles/cmTryCompileExec.dir/CheckSymbolExists.cxx.o
/usr/bin/c++    -I/usr/include/qt4    -o CMakeFiles/cmTryCompileExec.dir/CheckSymbolExists.cxx.o -c /home/aviral/GNU-Niyantran/build/gr36/CMakeFiles/CMakeTmp/CheckSymbolExists.cxx
/home/aviral/GNU-Niyantran/build/gr36/CMakeFiles/CMakeTmp/CheckSymbolExists.cxx: In function ‘int main()’:
/home/aviral/GNU-Niyantran/build/gr36/CMakeFiles/CMakeTmp/CheckSymbolExists.cxx:8:25: error: ‘Q_WS_WIN’ was not declared in this scope
make[1]: *** [CMakeFiles/cmTryCompileExec.dir/CheckSymbolExists.cxx.o] Error 1
make[1]: Leaving directory `/home/aviral/GNU-Niyantran/build/gr36/CMakeFiles/CMakeTmp'
make: *** [cmTryCompileExec/fast] Error 2

File /home/aviral/GNU-Niyantran/build/gr36/CMakeFiles/CMakeTmp/CheckSymbolExists.cxx:
/* */
#include <QtCore/qglobal.h>

void cmakeRequireSymbol(int dummy,...){(void)dummy;}
int main()
{
#ifndef Q_WS_WIN
  cmakeRequireSymbol(0,&Q_WS_WIN);
#endif
  return 0;
}

Determining if the Q_WS_QWS exist failed with the following output:
Change Dir: /home/aviral/GNU-Niyantran/build/gr36/CMakeFiles/CMakeTmp

Run Build Command:/usr/bin/make "cmTryCompileExec/fast"
/usr/bin/make -f CMakeFiles/cmTryCompileExec.dir/build.make CMakeFiles/cmTryCompileExec.dir/build
make[1]: Entering directory `/home/aviral/GNU-Niyantran/build/gr36/CMakeFiles/CMakeTmp'
/usr/bin/cmake -E cmake_progress_report /home/aviral/GNU-Niyantran/build/gr36/CMakeFiles/CMakeTmp/CMakeFiles 1
Building CXX object CMakeFiles/cmTryCompileExec.dir/CheckSymbolExists.cxx.o
/usr/bin/c++    -I/usr/include/qt4    -o CMakeFiles/cmTryCompileExec.dir/CheckSymbolExists.cxx.o -c /home/aviral/GNU-Niyantran/build/gr36/CMakeFiles/CMakeTmp/CheckSymbolExists.cxx
/home/aviral/GNU-Niyantran/build/gr36/CMakeFiles/CMakeTmp/CheckSymbolExists.cxx: In function ‘int main()’:
/home/aviral/GNU-Niyantran/build/gr36/CMakeFiles/CMakeTmp/CheckSymbolExists.cxx:8:25: error: ‘Q_WS_QWS’ was not declared in this scope
make[1]: *** [CMakeFiles/cmTryCompileExec.dir/CheckSymbolExists.cxx.o] Error 1
make[1]: Leaving directory `/home/aviral/GNU-Niyantran/build/gr36/CMakeFiles/CMakeTmp'
make: *** [cmTryCompileExec/fast] Error 2

File /home/aviral/GNU-Niyantran/build/gr36/CMakeFiles/CMakeTmp/CheckSymbolExists.cxx:
/* */
#include <QtCore/qglobal.h>

void cmakeRequireSymbol(int dummy,...){(void)dummy;}
int main()
{
#ifndef Q_WS_QWS
  cmakeRequireSymbol(0,&Q_WS_QWS);
#endif
  return 0;
}

Determining if the Q_WS_MAC exist failed with the following output:
Change Dir: /home/aviral/GNU-Niyantran/build/gr36/CMakeFiles/CMakeTmp

Run Build Command:/usr/bin/make "cmTryCompileExec/fast"
/usr/bin/make -f CMakeFiles/cmTryCompileExec.dir/build.make CMakeFiles/cmTryCompileExec.dir/build
make[1]: Entering directory `/home/aviral/GNU-Niyantran/build/gr36/CMakeFiles/CMakeTmp'
/usr/bin/cmake -E cmake_progress_report /home/aviral/GNU-Niyantran/build/gr36/CMakeFiles/CMakeTmp/CMakeFiles 1
Building CXX object CMakeFiles/cmTryCompileExec.dir/CheckSymbolExists.cxx.o
/usr/bin/c++    -I/usr/include/qt4    -o CMakeFiles/cmTryCompileExec.dir/CheckSymbolExists.cxx.o -c /home/aviral/GNU-Niyantran/build/gr36/CMakeFiles/CMakeTmp/CheckSymbolExists.cxx
/home/aviral/GNU-Niyantran/build/gr36/CMakeFiles/CMakeTmp/CheckSymbolExists.cxx: In function ‘int main()’:
/home/aviral/GNU-Niyantran/build/gr36/CMakeFiles/CMakeTmp/CheckSymbolExists.cxx:8:25: error: ‘Q_WS_MAC’ was not declared in this scope
make[1]: *** [CMakeFiles/cmTryCompileExec.dir/CheckSymbolExists.cxx.o] Error 1
make[1]: Leaving directory `/home/aviral/GNU-Niyantran/build/gr36/CMakeFiles/CMakeTmp'
make: *** [cmTryCompileExec/fast] Error 2

File /home/aviral/GNU-Niyantran/build/gr36/CMakeFiles/CMakeTmp/CheckSymbolExists.cxx:
/* */
#include <QtCore/qglobal.h>

void cmakeRequireSymbol(int dummy,...){(void)dummy;}
int main()
{
#ifndef Q_WS_MAC
  cmakeRequireSymbol(0,&Q_WS_MAC);
#endif
  return 0;
}

